

Version:	3.12
CmdLine:	C:\Users\shaic\newEclipse\ExtractSongsAndExport\spotifyProject.exe --l4j-debug
WOW64:		yes
Create mutex:	mutex
Working dir:	C:\Users\shaic\newEclipse\ExtractSongsAndExport\.
Java min ver:	
Java max ver:	
Bundled JRE:	C:\Program Files\Java\jre1.8.0_211
Check launcher:	C:\Program Files\Java\jre1.8.0_211\bin\javaw.exe (OK)
Launcher:	C:\Program Files\Java\jre1.8.0_211\bin\javaw.exe
Launcher args:	-jar "C:\Users\shaic\newEclipse\ExtractSongsAndExport\spotifyProject.exe"
Args length:	73/32768 chars
Exit code:	0


Version:	3.12
CmdLine:	C:\Users\shaic\newEclipse\ExtractSongsAndExport\spotifyProject.exe --l4j-debug
WOW64:		yes
Create mutex:	mutex
Error:		Instance already exists.


Version:	3.12
CmdLine:	C:\Users\shaic\newEclipse\ExtractSongsAndExport\spotifyProject.exe --l4j-debug
WOW64:		yes
Create mutex:	mutex
Error:		Instance already exists.


Version:	3.12
CmdLine:	C:\Users\shaic\newEclipse\ExtractSongsAndExport\spotifyProject.exe --l4j-debug
WOW64:		yes
Create mutex:	mutex
Error:		Instance already exists.


Version:	3.12
CmdLine:	C:\Users\shaic\newEclipse\ExtractSongsAndExport\Final.exe --l4j-debug
WOW64:		yes
Working dir:	C:\Users\shaic\newEclipse\ExtractSongsAndExport\.
Java min ver:	
Java max ver:	
Bundled JRE:	C:\Program Files\Java\jre1.8.0_211
Check launcher:	C:\Program Files\Java\jre1.8.0_211\bin\javaw.exe (OK)
Launcher:	C:\Program Files\Java\jre1.8.0_211\bin\javaw.exe
Launcher args:	-jar "C:\Users\shaic\newEclipse\ExtractSongsAndExport\Final.exe"
Args length:	64/32768 chars
Exit code:	0


Version:	3.12
CmdLine:	C:\Users\shaic\newEclipse\ExtractSongsAndExport\Final.exe --l4j-debug
WOW64:		yes
Working dir:	C:\Users\shaic\newEclipse\ExtractSongsAndExport\.
Java min ver:	
Java max ver:	
Bundled JRE:	C:\Program Files\Java\jre1.8.0_211
Check launcher:	C:\Program Files\Java\jre1.8.0_211\bin\javaw.exe (OK)
Launcher:	C:\Program Files\Java\jre1.8.0_211\bin\javaw.exe
Launcher args:	-jar "C:\Users\shaic\newEclipse\ExtractSongsAndExport\Final.exe"
Args length:	64/32768 chars
Exit code:	0
